[1/11] Performing build step for 'bootloader'
[1/1] cmd.exe /C "cd /D C:\Espressif\frameworks\esp-idf-v5.0.1\workspace\freeRTOS_tests\freeRTOS_test\build\bootloader\esp-idf\esptool_py && C:\Espressif\python_env\idf5.0_py3.11_env\Scripts\python.exe C:/Espressif/frameworks/esp-idf-v5.0.1/components/partition_table/check_sizes.py --offset 0x8000 bootloader 0x1000 C:/Espressif/frameworks/esp-idf-v5.0.1/workspace/freeRTOS_tests/freeRTOS_test/build/bootloader/bootloader.bin"
Bootloader binary size 0x6720 bytes. 0x8e0 bytes (8%) free.
[2/9] Building C object esp-idf/red_led_task/CMakeFiles/__idf_red_led_task.dir/red_led_task.c.obj
[3/9] Linking C static library esp-idf\red_led_task\libred_led_task.a
[4/9] Linking C static library esp-idf\main\libmain.a
[5/9] Generating ld/sections.ld
[6/9] Building C object CMakeFiles/freeRTOS_test.elf.dir/project_elf_src_esp32.c.obj
[7/9] Linking CXX executable freeRTOS_test.elf
FAILED: freeRTOS_test.elf 
cmd.exe /C "cd . && C:\Espressif\tools\xtensa-esp32-elf\esp-2022r1-11.2.0\xtensa-esp32-elf\bin\xtensa-esp32-elf-g++.exe -mlongcalls -Wno-frame-address  @CMakeFiles\freeRTOS_test.elf.rsp -o freeRTOS_test.elf  && cd ."
c:/espressif/tools/xtensa-esp32-elf/esp-2022r1-11.2.0/xtensa-esp32-elf/bin/../lib/gcc/xtensa-esp32-elf/11.2.0/../../../../xtensa-esp32-elf/bin/ld.exe: esp-idf/red_led_task/libred_led_task.a(red_led_task.c.obj):C:/Espressif/frameworks/esp-idf-v5.0.1/workspace/freeRTOS_tests/freeRTOS_test/components/red_led_task/red_led_task.c:20: multiple definition of `msg'; esp-idf/main/libmain.a(freeRTOS_test.c.obj):C:/Espressif/frameworks/esp-idf-v5.0.1/workspace/freeRTOS_tests/freeRTOS_test/main/freeRTOS_test.c:24: first defined here
collect2.exe: error: ld returned 1 exit status
ninja: build stopped: subcommand failed.
