CMake Warning (dev) in CMakeLists.txt:
  No project() command is present.  The top-level CMakeLists.txt file must
  contain a literal, direct call to the project() command.  Add a line of
  code such as

    project(ProjectName)

  near the top of the file, but after cmake_minimum_required().

  CMake is pretending there is a "project(Project)" command on the first
  line.
This warning is for project developers.  Use -Wno-dev to suppress it.

CMake Error at C:/Espressif/tools/cmake/3.24.0/share/cmake-3.24/Modules/CMakeTestCCompiler.cmake:69 (message):
  The C compiler

    "C:/ProgramData/LLVM for Renesas RL78 10.0.0.202209/bin/clang.exe"

  is not able to compile a simple test program.

  It fails with the following output:

    Change Dir: C:/Espressif/frameworks/esp-idf-v5.0.1/workspace/freeRTOS_tests/freeRTOS_test/build/CMakeFiles/CMakeTmp
    
    Run Build Command(s):C:/Espressif/tools/ninja/1.10.2/ninja.exe cmTC_5137d && [1/2] Building C object CMakeFiles/cmTC_5137d.dir/testCCompiler.c.obj
    [2/2] Linking C executable cmTC_5137d.exe
    FAILED: cmTC_5137d.exe 
    cmd.exe /C "cd . && C:\PROGRA~3\LLVMFO~1.202\bin\clang.exe   CMakeFiles/cmTC_5137d.dir/testCCompiler.c.obj -o cmTC_5137d.exe -Wl,--out-implib,libcmTC_5137d.dll.a -Wl,--major-image-version,0,--minor-image-version,0  -lkernel32 -luser32 -lgdi32 -lwinspool -lshell32 -lole32 -loleaut32 -luuid -lcomdlg32 -ladvapi32 && cd ."
    ld.lld: error: unknown argument '--out-implib'
    ld.lld: error: unknown argument '--major-image-version'
    ld.lld: error: unknown argument '--minor-image-version'
    ld.lld: error: cannot open libcmTC_5137d.dll.a: no such file or directory
    ld.lld: error: cannot open 0: no such file or directory
    ld.lld: error: cannot open 0: no such file or directory
    ld.lld: error: unable to find library -lkernel32
    ld.lld: error: unable to find library -luser32
    ld.lld: error: unable to find library -lgdi32
    ld.lld: error: unable to find library -lwinspool
    ld.lld: error: unable to find library -lshell32
    ld.lld: error: unable to find library -lole32
    ld.lld: error: unable to find library -loleaut32
    ld.lld: error: unable to find library -luuid
    ld.lld: error: unable to find library -lcomdlg32
    ld.lld: error: unable to find library -ladvapi32
    clang: error: ld.lld command failed with exit code 1 (use -v to see invocation)
    ninja: build stopped: subcommand failed.
    
    

  

  CMake will not be able to correctly generate this project.
Call Stack (most recent call first):
  CMakeLists.txt


